<?xml version="1.0" encoding="UTF-8"?>
<testng-results ignored="0" total="1" passed="1" failed="0" skipped="0">
  <reporter-output>
  </reporter-output>
  <suite started-at="2025-01-29T17:03:07 IST" name="Default suite" finished-at="2025-01-29T17:03:11 IST" duration-ms="3755">
    <groups>
    </groups>
    <test started-at="2025-01-29T17:03:07 IST" name="Default test" finished-at="2025-01-29T17:03:11 IST" duration-ms="3755">
      <class name="demo.com.new_demo_maven">
        <test-method signature="pagetest()[pri:0, instance:demo.com.new_demo_maven@229c6181]" started-at="2025-01-29T17:03:07 IST" name="pagetest" finished-at="2025-01-29T17:03:11 IST" duration-ms="3715" status="PASS">
          <reporter-output>
          </reporter-output>
        </test-method> <!-- pagetest -->
      </class> <!-- demo.com.new_demo_maven -->
    </test> <!-- Default test -->
  </suite> <!-- Default suite -->
</testng-results>
